<?xml version="1.0" encoding="UTF-8"?>
<!-- Generated by org.testng.reporters.JUnitReportReporter -->
<testsuite hostname="LAPTOP-TT8VBAMA" failures="0" tests="2" name="pac2.OrgTest" time="0.001" errors="0" timestamp="2025-05-21T14:40:09 IST" skipped="0">
  <testcase classname="pac2.OrgTest" name="createOrgTest" time="0.000"/>
  <testcase classname="pac2.OrgTest" name="ModifyOrgest" time="0.001"/>
</testsuite> <!-- pac2.OrgTest -->
