<?xml version="1.0" encoding="UTF-8"?>
<!-- Generated by org.testng.reporters.JUnitReportReporter -->
<testsuite hostname="LAPTOP-TT8VBAMA" failures="0" tests="2" name="pac1.ContactTest" time="0.004" errors="0" timestamp="2025-05-21T14:40:09 IST" skipped="0">
  <testcase classname="pac1.ContactTest" name="ModifyContactTest" time="0.004"/>
  <testcase classname="pac1.ContactTest" name="createContactTest" time="0.000"/>
</testsuite> <!-- pac1.ContactTest -->
